0 info it worked if it ends with ok
1 verbose cli [ '/usr/local/bin/node', '/usr/local/bin/npm', 'run', 'eval' ]
2 info using npm@3.10.10
3 info using node@v6.9.5
4 verbose run-script [ 'preeval', 'eval', 'posteval' ]
5 info lifecycle md-converter-local-2@0.1.1~preeval: md-converter-local-2@0.1.1
6 silly lifecycle md-converter-local-2@0.1.1~preeval: no script for preeval, continuing
7 info lifecycle md-converter-local-2@0.1.1~eval: md-converter-local-2@0.1.1
8 verbose lifecycle md-converter-local-2@0.1.1~eval: unsafe-perm in lifecycle true
9 verbose lifecycle md-converter-local-2@0.1.1~eval: PATH: /usr/local/lib/node_modules/npm/bin/node-gyp-bin:/Users/kgracey/Sites/MD-Converter-Local-2/node_modules/.bin:/usr/local/bin:/usr/bin:/bin:/usr/sbin:/sbin
10 verbose lifecycle md-converter-local-2@0.1.1~eval: CWD: /Users/kgracey/Sites/MD-Converter-Local-2
11 silly lifecycle md-converter-local-2@0.1.1~eval: Args: [ '-c', 'babel-node eval.js' ]
12 silly lifecycle md-converter-local-2@0.1.1~eval: Returned: code: 1  signal: null
13 info lifecycle md-converter-local-2@0.1.1~eval: Failed to exec eval script
14 verbose stack Error: md-converter-local-2@0.1.1 eval: `babel-node eval.js`
14 verbose stack Exit status 1
14 verbose stack     at EventEmitter.<anonymous> (/usr/local/lib/node_modules/npm/lib/utils/lifecycle.js:255:16)
14 verbose stack     at emitTwo (events.js:106:13)
14 verbose stack     at EventEmitter.emit (events.js:191:7)
14 verbose stack     at ChildProcess.<anonymous> (/usr/local/lib/node_modules/npm/lib/utils/spawn.js:40:14)
14 verbose stack     at emitTwo (events.js:106:13)
14 verbose stack     at ChildProcess.emit (events.js:191:7)
14 verbose stack     at maybeClose (internal/child_process.js:877:16)
14 verbose stack     at Process.ChildProcess._handle.onexit (internal/child_process.js:226:5)
15 verbose pkgid md-converter-local-2@0.1.1
16 verbose cwd /Users/kgracey/Sites/MD-Converter-Local-2
17 error Darwin 15.6.0
18 error argv "/usr/local/bin/node" "/usr/local/bin/npm" "run" "eval"
19 error node v6.9.5
20 error npm  v3.10.10
21 error code ELIFECYCLE
22 error md-converter-local-2@0.1.1 eval: `babel-node eval.js`
22 error Exit status 1
23 error Failed at the md-converter-local-2@0.1.1 eval script 'babel-node eval.js'.
23 error Make sure you have the latest version of node.js and npm installed.
23 error If you do, this is most likely a problem with the md-converter-local-2 package,
23 error not with npm itself.
23 error Tell the author that this fails on your system:
23 error     babel-node eval.js
23 error You can get information on how to open an issue for this project with:
23 error     npm bugs md-converter-local-2
23 error Or if that isn't available, you can get their info via:
23 error     npm owner ls md-converter-local-2
23 error There is likely additional logging output above.
24 verbose exit [ 1, true ]
